[2022-01-09 06:18:20] local.ERROR: The api key provided is invalid {"exception":"[object] (Razorpay\\Api\\Errors\\BadRequestError(code: BAD_REQUEST_ERROR): The api key provided is invalid at /var/www/html/cartvy/vendor/razorpay/razorpay/src/Request.php:142)
[stacktrace]
#0 /var/www/html/cartvy/vendor/razorpay/razorpay/src/Request.php(109): Razorpay\\Api\\Request->processError()
#1 /var/www/html/cartvy/vendor/razorpay/razorpay/src/Request.php(58): Razorpay\\Api\\Request->checkErrors()
#2 /var/www/html/cartvy/vendor/razorpay/razorpay/src/Entity.php(92): Razorpay\\Api\\Request->request()
#3 /var/www/html/cartvy/vendor/razorpay/razorpay/src/Entity.php(31): Razorpay\\Api\\Entity->request()
#4 /var/www/html/cartvy/vendor/razorpay/razorpay/src/Payment.php(14): Razorpay\\Api\\Entity->fetch()
#5 /var/www/html/cartvy/app/Http/Controllers/API/V1/RazorpayController.php(41): Razorpay\\Api\\Payment->fetch()
#6 /var/www/html/cartvy/vendor/illuminate/container/BoundMethod.php(36): App\\Http\\Controllers\\API\\V1\\RazorpayController->payment()
#7 /var/www/html/cartvy/vendor/illuminate/container/Util.php(40): Illuminate\\Container\\BoundMethod::Illuminate\\Container\\{closure}()
#8 /var/www/html/cartvy/vendor/illuminate/container/BoundMethod.php(93): Illuminate\\Container\\Util::unwrapIfClosure()
#9 /var/www/html/cartvy/vendor/illuminate/container/BoundMethod.php(37): Illuminate\\Container\\BoundMethod::callBoundMethod()
#10 /var/www/html/cartvy/vendor/illuminate/container/Container.php(653): Illuminate\\Container\\BoundMethod::call()
#11 /var/www/html/cartvy/vendor/laravel/lumen-framework/src/Concerns/RoutesRequests.php(389): Illuminate\\Container\\Container->call()
#12 /var/www/html/cartvy/vendor/laravel/lumen-framework/src/Concerns/RoutesRequests.php(355): Laravel\\Lumen\\Application->callControllerCallable()
#13 /var/www/html/cartvy/vendor/laravel/lumen-framework/src/Concerns/RoutesRequests.php(329): Laravel\\Lumen\\Application->callLumenController()
#14 /var/www/html/cartvy/vendor/laravel/lumen-framework/src/Concerns/RoutesRequests.php(282): Laravel\\Lumen\\Application->callControllerAction()
#15 /var/www/html/cartvy/vendor/laravel/lumen-framework/src/Concerns/RoutesRequests.php(262): Laravel\\Lumen\\Application->callActionOnArrayBasedRoute()
#16 /var/www/html/cartvy/vendor/laravel/lumen-framework/src/Routing/Pipeline.php(48): Laravel\\Lumen\\Application->Laravel\\Lumen\\Concerns\\{closure}()
#17 /var/www/html/cartvy/app/Http/Middleware/Authenticate.php(42): Laravel\\Lumen\\Routing\\Pipeline->Laravel\\Lumen\\Routing\\{closure}()
#18 /var/www/html/cartvy/vendor/illuminate/pipeline/Pipeline.php(167): App\\Http\\Middleware\\Authenticate->handle()
#19 /var/www/html/cartvy/vendor/laravel/lumen-framework/src/Routing/Pipeline.php(30): Illuminate\\Pipeline\\Pipeline->Illuminate\\Pipeline\\{closure}()
#20 /var/www/html/cartvy/vendor/illuminate/pipeline/Pipeline.php(103): Laravel\\Lumen\\Routing\\Pipeline->Laravel\\Lumen\\Routing\\{closure}()
#21 /var/www/html/cartvy/vendor/laravel/lumen-framework/src/Concerns/RoutesRequests.php(426): Illuminate\\Pipeline\\Pipeline->then()
#22 /var/www/html/cartvy/vendor/laravel/lumen-framework/src/Concerns/RoutesRequests.php(263): Laravel\\Lumen\\Application->sendThroughPipeline()
#23 /var/www/html/cartvy/vendor/laravel/lumen-framework/src/Concerns/RoutesRequests.php(169): Laravel\\Lumen\\Application->handleFoundRoute()
#24 /var/www/html/cartvy/vendor/laravel/lumen-framework/src/Routing/Pipeline.php(48): Laravel\\Lumen\\Application->Laravel\\Lumen\\Concerns\\{closure}()
#25 /var/www/html/cartvy/vendor/illuminate/session/Middleware/StartSession.php(121): Laravel\\Lumen\\Routing\\Pipeline->Laravel\\Lumen\\Routing\\{closure}()
#26 /var/www/html/cartvy/vendor/illuminate/session/Middleware/StartSession.php(64): Illuminate\\Session\\Middleware\\StartSession->handleStatefulRequest()
#27 /var/www/html/cartvy/vendor/illuminate/pipeline/Pipeline.php(167): Illuminate\\Session\\Middleware\\StartSession->handle()
#28 /var/www/html/cartvy/vendor/laravel/lumen-framework/src/Routing/Pipeline.php(30): Illuminate\\Pipeline\\Pipeline->Illuminate\\Pipeline\\{closure}()
#29 /var/www/html/cartvy/vendor/illuminate/pipeline/Pipeline.php(103): Laravel\\Lumen\\Routing\\Pipeline->Laravel\\Lumen\\Routing\\{closure}()
#30 /var/www/html/cartvy/vendor/laravel/lumen-framework/src/Concerns/RoutesRequests.php(426): Illuminate\\Pipeline\\Pipeline->then()
#31 /var/www/html/cartvy/vendor/laravel/lumen-framework/src/Concerns/RoutesRequests.php(175): Laravel\\Lumen\\Application->sendThroughPipeline()
#32 /var/www/html/cartvy/vendor/laravel/lumen-framework/src/Concerns/RoutesRequests.php(112): Laravel\\Lumen\\Application->dispatch()
#33 /var/www/html/cartvy/public/index.php(28): Laravel\\Lumen\\Application->run()
#34 {main}
"} 
[2022-01-09 06:20:38] local.ERROR: The api key provided is invalid {"exception":"[object] (Razorpay\\Api\\Errors\\BadRequestError(code: BAD_REQUEST_ERROR): The api key provided is invalid at /var/www/html/cartvy/vendor/razorpay/razorpay/src/Request.php:142)
[stacktrace]
#0 /var/www/html/cartvy/vendor/razorpay/razorpay/src/Request.php(109): Razorpay\\Api\\Request->processError()
#1 /var/www/html/cartvy/vendor/razorpay/razorpay/src/Request.php(58): Razorpay\\Api\\Request->checkErrors()
#2 /var/www/html/cartvy/vendor/razorpay/razorpay/src/Entity.php(92): Razorpay\\Api\\Request->request()
#3 /var/www/html/cartvy/vendor/razorpay/razorpay/src/Entity.php(31): Razorpay\\Api\\Entity->request()
#4 /var/www/html/cartvy/vendor/razorpay/razorpay/src/Payment.php(14): Razorpay\\Api\\Entity->fetch()
#5 /var/www/html/cartvy/app/Http/Controllers/API/V1/RazorpayController.php(41): Razorpay\\Api\\Payment->fetch()
#6 /var/www/html/cartvy/vendor/illuminate/container/BoundMethod.php(36): App\\Http\\Controllers\\API\\V1\\RazorpayController->payment()
#7 /var/www/html/cartvy/vendor/illuminate/container/Util.php(40): Illuminate\\Container\\BoundMethod::Illuminate\\Container\\{closure}()
#8 /var/www/html/cartvy/vendor/illuminate/container/BoundMethod.php(93): Illuminate\\Container\\Util::unwrapIfClosure()
#9 /var/www/html/cartvy/vendor/illuminate/container/BoundMethod.php(37): Illuminate\\Container\\BoundMethod::callBoundMethod()
#10 /var/www/html/cartvy/vendor/illuminate/container/Container.php(653): Illuminate\\Container\\BoundMethod::call()
#11 /var/www/html/cartvy/vendor/laravel/lumen-framework/src/Concerns/RoutesRequests.php(389): Illuminate\\Container\\Container->call()
#12 /var/www/html/cartvy/vendor/laravel/lumen-framework/src/Concerns/RoutesRequests.php(355): Laravel\\Lumen\\Application->callControllerCallable()
#13 /var/www/html/cartvy/vendor/laravel/lumen-framework/src/Concerns/RoutesRequests.php(329): Laravel\\Lumen\\Application->callLumenController()
#14 /var/www/html/cartvy/vendor/laravel/lumen-framework/src/Concerns/RoutesRequests.php(282): Laravel\\Lumen\\Application->callControllerAction()
#15 /var/www/html/cartvy/vendor/laravel/lumen-framework/src/Concerns/RoutesRequests.php(262): Laravel\\Lumen\\Application->callActionOnArrayBasedRoute()
#16 /var/www/html/cartvy/vendor/laravel/lumen-framework/src/Routing/Pipeline.php(48): Laravel\\Lumen\\Application->Laravel\\Lumen\\Concerns\\{closure}()
#17 /var/www/html/cartvy/app/Http/Middleware/Authenticate.php(42): Laravel\\Lumen\\Routing\\Pipeline->Laravel\\Lumen\\Routing\\{closure}()
#18 /var/www/html/cartvy/vendor/illuminate/pipeline/Pipeline.php(167): App\\Http\\Middleware\\Authenticate->handle()
#19 /var/www/html/cartvy/vendor/laravel/lumen-framework/src/Routing/Pipeline.php(30): Illuminate\\Pipeline\\Pipeline->Illuminate\\Pipeline\\{closure}()
#20 /var/www/html/cartvy/vendor/illuminate/pipeline/Pipeline.php(103): Laravel\\Lumen\\Routing\\Pipeline->Laravel\\Lumen\\Routing\\{closure}()
#21 /var/www/html/cartvy/vendor/laravel/lumen-framework/src/Concerns/RoutesRequests.php(426): Illuminate\\Pipeline\\Pipeline->then()
#22 /var/www/html/cartvy/vendor/laravel/lumen-framework/src/Concerns/RoutesRequests.php(263): Laravel\\Lumen\\Application->sendThroughPipeline()
#23 /var/www/html/cartvy/vendor/laravel/lumen-framework/src/Concerns/RoutesRequests.php(169): Laravel\\Lumen\\Application->handleFoundRoute()
#24 /var/www/html/cartvy/vendor/laravel/lumen-framework/src/Routing/Pipeline.php(48): Laravel\\Lumen\\Application->Laravel\\Lumen\\Concerns\\{closure}()
#25 /var/www/html/cartvy/vendor/illuminate/session/Middleware/StartSession.php(121): Laravel\\Lumen\\Routing\\Pipeline->Laravel\\Lumen\\Routing\\{closure}()
#26 /var/www/html/cartvy/vendor/illuminate/session/Middleware/StartSession.php(64): Illuminate\\Session\\Middleware\\StartSession->handleStatefulRequest()
#27 /var/www/html/cartvy/vendor/illuminate/pipeline/Pipeline.php(167): Illuminate\\Session\\Middleware\\StartSession->handle()
#28 /var/www/html/cartvy/vendor/laravel/lumen-framework/src/Routing/Pipeline.php(30): Illuminate\\Pipeline\\Pipeline->Illuminate\\Pipeline\\{closure}()
#29 /var/www/html/cartvy/vendor/illuminate/pipeline/Pipeline.php(103): Laravel\\Lumen\\Routing\\Pipeline->Laravel\\Lumen\\Routing\\{closure}()
#30 /var/www/html/cartvy/vendor/laravel/lumen-framework/src/Concerns/RoutesRequests.php(426): Illuminate\\Pipeline\\Pipeline->then()
#31 /var/www/html/cartvy/vendor/laravel/lumen-framework/src/Concerns/RoutesRequests.php(175): Laravel\\Lumen\\Application->sendThroughPipeline()
#32 /var/www/html/cartvy/vendor/laravel/lumen-framework/src/Concerns/RoutesRequests.php(112): Laravel\\Lumen\\Application->dispatch()
#33 /var/www/html/cartvy/public/index.php(28): Laravel\\Lumen\\Application->run()
#34 {main}
"} 
[2022-01-09 06:21:49] local.ERROR: The api key provided is invalid {"exception":"[object] (Razorpay\\Api\\Errors\\BadRequestError(code: BAD_REQUEST_ERROR): The api key provided is invalid at /var/www/html/cartvy/vendor/razorpay/razorpay/src/Request.php:142)
[stacktrace]
#0 /var/www/html/cartvy/vendor/razorpay/razorpay/src/Request.php(109): Razorpay\\Api\\Request->processError()
#1 /var/www/html/cartvy/vendor/razorpay/razorpay/src/Request.php(58): Razorpay\\Api\\Request->checkErrors()
#2 /var/www/html/cartvy/vendor/razorpay/razorpay/src/Entity.php(92): Razorpay\\Api\\Request->request()
#3 /var/www/html/cartvy/vendor/razorpay/razorpay/src/Entity.php(31): Razorpay\\Api\\Entity->request()
#4 /var/www/html/cartvy/vendor/razorpay/razorpay/src/Payment.php(14): Razorpay\\Api\\Entity->fetch()
#5 /var/www/html/cartvy/app/Http/Controllers/API/V1/RazorpayController.php(41): Razorpay\\Api\\Payment->fetch()
#6 /var/www/html/cartvy/vendor/illuminate/container/BoundMethod.php(36): App\\Http\\Controllers\\API\\V1\\RazorpayController->payment()
#7 /var/www/html/cartvy/vendor/illuminate/container/Util.php(40): Illuminate\\Container\\BoundMethod::Illuminate\\Container\\{closure}()
#8 /var/www/html/cartvy/vendor/illuminate/container/BoundMethod.php(93): Illuminate\\Container\\Util::unwrapIfClosure()
#9 /var/www/html/cartvy/vendor/illuminate/container/BoundMethod.php(37): Illuminate\\Container\\BoundMethod::callBoundMethod()
#10 /var/www/html/cartvy/vendor/illuminate/container/Container.php(653): Illuminate\\Container\\BoundMethod::call()
#11 /var/www/html/cartvy/vendor/laravel/lumen-framework/src/Concerns/RoutesRequests.php(389): Illuminate\\Container\\Container->call()
#12 /var/www/html/cartvy/vendor/laravel/lumen-framework/src/Concerns/RoutesRequests.php(355): Laravel\\Lumen\\Application->callControllerCallable()
#13 /var/www/html/cartvy/vendor/laravel/lumen-framework/src/Concerns/RoutesRequests.php(329): Laravel\\Lumen\\Application->callLumenController()
#14 /var/www/html/cartvy/vendor/laravel/lumen-framework/src/Concerns/RoutesRequests.php(282): Laravel\\Lumen\\Application->callControllerAction()
#15 /var/www/html/cartvy/vendor/laravel/lumen-framework/src/Concerns/RoutesRequests.php(262): Laravel\\Lumen\\Application->callActionOnArrayBasedRoute()
#16 /var/www/html/cartvy/vendor/laravel/lumen-framework/src/Routing/Pipeline.php(48): Laravel\\Lumen\\Application->Laravel\\Lumen\\Concerns\\{closure}()
#17 /var/www/html/cartvy/app/Http/Middleware/Authenticate.php(42): Laravel\\Lumen\\Routing\\Pipeline->Laravel\\Lumen\\Routing\\{closure}()
#18 /var/www/html/cartvy/vendor/illuminate/pipeline/Pipeline.php(167): App\\Http\\Middleware\\Authenticate->handle()
#19 /var/www/html/cartvy/vendor/laravel/lumen-framework/src/Routing/Pipeline.php(30): Illuminate\\Pipeline\\Pipeline->Illuminate\\Pipeline\\{closure}()
#20 /var/www/html/cartvy/vendor/illuminate/pipeline/Pipeline.php(103): Laravel\\Lumen\\Routing\\Pipeline->Laravel\\Lumen\\Routing\\{closure}()
#21 /var/www/html/cartvy/vendor/laravel/lumen-framework/src/Concerns/RoutesRequests.php(426): Illuminate\\Pipeline\\Pipeline->then()
#22 /var/www/html/cartvy/vendor/laravel/lumen-framework/src/Concerns/RoutesRequests.php(263): Laravel\\Lumen\\Application->sendThroughPipeline()
#23 /var/www/html/cartvy/vendor/laravel/lumen-framework/src/Concerns/RoutesRequests.php(169): Laravel\\Lumen\\Application->handleFoundRoute()
#24 /var/www/html/cartvy/vendor/laravel/lumen-framework/src/Routing/Pipeline.php(48): Laravel\\Lumen\\Application->Laravel\\Lumen\\Concerns\\{closure}()
#25 /var/www/html/cartvy/vendor/illuminate/session/Middleware/StartSession.php(121): Laravel\\Lumen\\Routing\\Pipeline->Laravel\\Lumen\\Routing\\{closure}()
#26 /var/www/html/cartvy/vendor/illuminate/session/Middleware/StartSession.php(64): Illuminate\\Session\\Middleware\\StartSession->handleStatefulRequest()
#27 /var/www/html/cartvy/vendor/illuminate/pipeline/Pipeline.php(167): Illuminate\\Session\\Middleware\\StartSession->handle()
#28 /var/www/html/cartvy/vendor/laravel/lumen-framework/src/Routing/Pipeline.php(30): Illuminate\\Pipeline\\Pipeline->Illuminate\\Pipeline\\{closure}()
#29 /var/www/html/cartvy/vendor/illuminate/pipeline/Pipeline.php(103): Laravel\\Lumen\\Routing\\Pipeline->Laravel\\Lumen\\Routing\\{closure}()
#30 /var/www/html/cartvy/vendor/laravel/lumen-framework/src/Concerns/RoutesRequests.php(426): Illuminate\\Pipeline\\Pipeline->then()
#31 /var/www/html/cartvy/vendor/laravel/lumen-framework/src/Concerns/RoutesRequests.php(175): Laravel\\Lumen\\Application->sendThroughPipeline()
#32 /var/www/html/cartvy/vendor/laravel/lumen-framework/src/Concerns/RoutesRequests.php(112): Laravel\\Lumen\\Application->dispatch()
#33 /var/www/html/cartvy/public/index.php(28): Laravel\\Lumen\\Application->run()
#34 {main}
"} 
[2022-01-09 06:43:38] local.ERROR: The id provided does not exist {"exception":"[object] (Razorpay\\Api\\Errors\\BadRequestError(code: BAD_REQUEST_ERROR): The id provided does not exist at /var/www/html/cartvy/vendor/razorpay/razorpay/src/Request.php:142)
[stacktrace]
#0 /var/www/html/cartvy/vendor/razorpay/razorpay/src/Request.php(109): Razorpay\\Api\\Request->processError()
#1 /var/www/html/cartvy/vendor/razorpay/razorpay/src/Request.php(58): Razorpay\\Api\\Request->checkErrors()
#2 /var/www/html/cartvy/vendor/razorpay/razorpay/src/Entity.php(92): Razorpay\\Api\\Request->request()
#3 /var/www/html/cartvy/vendor/razorpay/razorpay/src/Entity.php(31): Razorpay\\Api\\Entity->request()
#4 /var/www/html/cartvy/vendor/razorpay/razorpay/src/Payment.php(14): Razorpay\\Api\\Entity->fetch()
#5 /var/www/html/cartvy/app/Http/Controllers/API/V1/RazorpayController.php(41): Razorpay\\Api\\Payment->fetch()
#6 /var/www/html/cartvy/vendor/illuminate/container/BoundMethod.php(36): App\\Http\\Controllers\\API\\V1\\RazorpayController->payment()
#7 /var/www/html/cartvy/vendor/illuminate/container/Util.php(40): Illuminate\\Container\\BoundMethod::Illuminate\\Container\\{closure}()
#8 /var/www/html/cartvy/vendor/illuminate/container/BoundMethod.php(93): Illuminate\\Container\\Util::unwrapIfClosure()
#9 /var/www/html/cartvy/vendor/illuminate/container/BoundMethod.php(37): Illuminate\\Container\\BoundMethod::callBoundMethod()
#10 /var/www/html/cartvy/vendor/illuminate/container/Container.php(653): Illuminate\\Container\\BoundMethod::call()
#11 /var/www/html/cartvy/vendor/laravel/lumen-framework/src/Concerns/RoutesRequests.php(389): Illuminate\\Container\\Container->call()
#12 /var/www/html/cartvy/vendor/laravel/lumen-framework/src/Concerns/RoutesRequests.php(355): Laravel\\Lumen\\Application->callControllerCallable()
#13 /var/www/html/cartvy/vendor/laravel/lumen-framework/src/Concerns/RoutesRequests.php(329): Laravel\\Lumen\\Application->callLumenController()
#14 /var/www/html/cartvy/vendor/laravel/lumen-framework/src/Concerns/RoutesRequests.php(282): Laravel\\Lumen\\Application->callControllerAction()
#15 /var/www/html/cartvy/vendor/laravel/lumen-framework/src/Concerns/RoutesRequests.php(262): Laravel\\Lumen\\Application->callActionOnArrayBasedRoute()
#16 /var/www/html/cartvy/vendor/laravel/lumen-framework/src/Routing/Pipeline.php(48): Laravel\\Lumen\\Application->Laravel\\Lumen\\Concerns\\{closure}()
#17 /var/www/html/cartvy/app/Http/Middleware/Authenticate.php(42): Laravel\\Lumen\\Routing\\Pipeline->Laravel\\Lumen\\Routing\\{closure}()
#18 /var/www/html/cartvy/vendor/illuminate/pipeline/Pipeline.php(167): App\\Http\\Middleware\\Authenticate->handle()
#19 /var/www/html/cartvy/vendor/laravel/lumen-framework/src/Routing/Pipeline.php(30): Illuminate\\Pipeline\\Pipeline->Illuminate\\Pipeline\\{closure}()
#20 /var/www/html/cartvy/vendor/illuminate/pipeline/Pipeline.php(103): Laravel\\Lumen\\Routing\\Pipeline->Laravel\\Lumen\\Routing\\{closure}()
#21 /var/www/html/cartvy/vendor/laravel/lumen-framework/src/Concerns/RoutesRequests.php(426): Illuminate\\Pipeline\\Pipeline->then()
#22 /var/www/html/cartvy/vendor/laravel/lumen-framework/src/Concerns/RoutesRequests.php(263): Laravel\\Lumen\\Application->sendThroughPipeline()
#23 /var/www/html/cartvy/vendor/laravel/lumen-framework/src/Concerns/RoutesRequests.php(169): Laravel\\Lumen\\Application->handleFoundRoute()
#24 /var/www/html/cartvy/vendor/laravel/lumen-framework/src/Routing/Pipeline.php(48): Laravel\\Lumen\\Application->Laravel\\Lumen\\Concerns\\{closure}()
#25 /var/www/html/cartvy/vendor/illuminate/session/Middleware/StartSession.php(121): Laravel\\Lumen\\Routing\\Pipeline->Laravel\\Lumen\\Routing\\{closure}()
#26 /var/www/html/cartvy/vendor/illuminate/session/Middleware/StartSession.php(64): Illuminate\\Session\\Middleware\\StartSession->handleStatefulRequest()
#27 /var/www/html/cartvy/vendor/illuminate/pipeline/Pipeline.php(167): Illuminate\\Session\\Middleware\\StartSession->handle()
#28 /var/www/html/cartvy/vendor/laravel/lumen-framework/src/Routing/Pipeline.php(30): Illuminate\\Pipeline\\Pipeline->Illuminate\\Pipeline\\{closure}()
#29 /var/www/html/cartvy/vendor/illuminate/pipeline/Pipeline.php(103): Laravel\\Lumen\\Routing\\Pipeline->Laravel\\Lumen\\Routing\\{closure}()
#30 /var/www/html/cartvy/vendor/laravel/lumen-framework/src/Concerns/RoutesRequests.php(426): Illuminate\\Pipeline\\Pipeline->then()
#31 /var/www/html/cartvy/vendor/laravel/lumen-framework/src/Concerns/RoutesRequests.php(175): Laravel\\Lumen\\Application->sendThroughPipeline()
#32 /var/www/html/cartvy/vendor/laravel/lumen-framework/src/Concerns/RoutesRequests.php(112): Laravel\\Lumen\\Application->dispatch()
#33 /var/www/html/cartvy/public/index.php(28): Laravel\\Lumen\\Application->run()
#34 {main}
"} 
[2022-01-09 06:44:31] local.ERROR: The id provided does not exist {"exception":"[object] (Razorpay\\Api\\Errors\\BadRequestError(code: BAD_REQUEST_ERROR): The id provided does not exist at /var/www/html/cartvy/vendor/razorpay/razorpay/src/Request.php:142)
[stacktrace]
#0 /var/www/html/cartvy/vendor/razorpay/razorpay/src/Request.php(109): Razorpay\\Api\\Request->processError()
#1 /var/www/html/cartvy/vendor/razorpay/razorpay/src/Request.php(58): Razorpay\\Api\\Request->checkErrors()
#2 /var/www/html/cartvy/vendor/razorpay/razorpay/src/Entity.php(92): Razorpay\\Api\\Request->request()
#3 /var/www/html/cartvy/vendor/razorpay/razorpay/src/Entity.php(31): Razorpay\\Api\\Entity->request()
#4 /var/www/html/cartvy/vendor/razorpay/razorpay/src/Payment.php(14): Razorpay\\Api\\Entity->fetch()
#5 /var/www/html/cartvy/app/Http/Controllers/API/V1/RazorpayController.php(41): Razorpay\\Api\\Payment->fetch()
#6 /var/www/html/cartvy/vendor/illuminate/container/BoundMethod.php(36): App\\Http\\Controllers\\API\\V1\\RazorpayController->payment()
#7 /var/www/html/cartvy/vendor/illuminate/container/Util.php(40): Illuminate\\Container\\BoundMethod::Illuminate\\Container\\{closure}()
#8 /var/www/html/cartvy/vendor/illuminate/container/BoundMethod.php(93): Illuminate\\Container\\Util::unwrapIfClosure()
#9 /var/www/html/cartvy/vendor/illuminate/container/BoundMethod.php(37): Illuminate\\Container\\BoundMethod::callBoundMethod()
#10 /var/www/html/cartvy/vendor/illuminate/container/Container.php(653): Illuminate\\Container\\BoundMethod::call()
#11 /var/www/html/cartvy/vendor/laravel/lumen-framework/src/Concerns/RoutesRequests.php(389): Illuminate\\Container\\Container->call()
#12 /var/www/html/cartvy/vendor/laravel/lumen-framework/src/Concerns/RoutesRequests.php(355): Laravel\\Lumen\\Application->callControllerCallable()
#13 /var/www/html/cartvy/vendor/laravel/lumen-framework/src/Concerns/RoutesRequests.php(329): Laravel\\Lumen\\Application->callLumenController()
#14 /var/www/html/cartvy/vendor/laravel/lumen-framework/src/Concerns/RoutesRequests.php(282): Laravel\\Lumen\\Application->callControllerAction()
#15 /var/www/html/cartvy/vendor/laravel/lumen-framework/src/Concerns/RoutesRequests.php(262): Laravel\\Lumen\\Application->callActionOnArrayBasedRoute()
#16 /var/www/html/cartvy/vendor/laravel/lumen-framework/src/Routing/Pipeline.php(48): Laravel\\Lumen\\Application->Laravel\\Lumen\\Concerns\\{closure}()
#17 /var/www/html/cartvy/app/Http/Middleware/Authenticate.php(42): Laravel\\Lumen\\Routing\\Pipeline->Laravel\\Lumen\\Routing\\{closure}()
#18 /var/www/html/cartvy/vendor/illuminate/pipeline/Pipeline.php(167): App\\Http\\Middleware\\Authenticate->handle()
#19 /var/www/html/cartvy/vendor/laravel/lumen-framework/src/Routing/Pipeline.php(30): Illuminate\\Pipeline\\Pipeline->Illuminate\\Pipeline\\{closure}()
#20 /var/www/html/cartvy/vendor/illuminate/pipeline/Pipeline.php(103): Laravel\\Lumen\\Routing\\Pipeline->Laravel\\Lumen\\Routing\\{closure}()
#21 /var/www/html/cartvy/vendor/laravel/lumen-framework/src/Concerns/RoutesRequests.php(426): Illuminate\\Pipeline\\Pipeline->then()
#22 /var/www/html/cartvy/vendor/laravel/lumen-framework/src/Concerns/RoutesRequests.php(263): Laravel\\Lumen\\Application->sendThroughPipeline()
#23 /var/www/html/cartvy/vendor/laravel/lumen-framework/src/Concerns/RoutesRequests.php(169): Laravel\\Lumen\\Application->handleFoundRoute()
#24 /var/www/html/cartvy/vendor/laravel/lumen-framework/src/Routing/Pipeline.php(48): Laravel\\Lumen\\Application->Laravel\\Lumen\\Concerns\\{closure}()
#25 /var/www/html/cartvy/vendor/illuminate/session/Middleware/StartSession.php(121): Laravel\\Lumen\\Routing\\Pipeline->Laravel\\Lumen\\Routing\\{closure}()
#26 /var/www/html/cartvy/vendor/illuminate/session/Middleware/StartSession.php(64): Illuminate\\Session\\Middleware\\StartSession->handleStatefulRequest()
#27 /var/www/html/cartvy/vendor/illuminate/pipeline/Pipeline.php(167): Illuminate\\Session\\Middleware\\StartSession->handle()
#28 /var/www/html/cartvy/vendor/laravel/lumen-framework/src/Routing/Pipeline.php(30): Illuminate\\Pipeline\\Pipeline->Illuminate\\Pipeline\\{closure}()
#29 /var/www/html/cartvy/vendor/illuminate/pipeline/Pipeline.php(103): Laravel\\Lumen\\Routing\\Pipeline->Laravel\\Lumen\\Routing\\{closure}()
#30 /var/www/html/cartvy/vendor/laravel/lumen-framework/src/Concerns/RoutesRequests.php(426): Illuminate\\Pipeline\\Pipeline->then()
#31 /var/www/html/cartvy/vendor/laravel/lumen-framework/src/Concerns/RoutesRequests.php(175): Laravel\\Lumen\\Application->sendThroughPipeline()
#32 /var/www/html/cartvy/vendor/laravel/lumen-framework/src/Concerns/RoutesRequests.php(112): Laravel\\Lumen\\Application->dispatch()
#33 /var/www/html/cartvy/public/index.php(28): Laravel\\Lumen\\Application->run()
#34 {main}
"} 
[2022-01-09 06:54:56] local.ERROR: The id provided does not exist {"exception":"[object] (Razorpay\\Api\\Errors\\BadRequestError(code: BAD_REQUEST_ERROR): The id provided does not exist at /var/www/html/cartvy/vendor/razorpay/razorpay/src/Request.php:142)
[stacktrace]
#0 /var/www/html/cartvy/vendor/razorpay/razorpay/src/Request.php(109): Razorpay\\Api\\Request->processError()
#1 /var/www/html/cartvy/vendor/razorpay/razorpay/src/Request.php(58): Razorpay\\Api\\Request->checkErrors()
#2 /var/www/html/cartvy/vendor/razorpay/razorpay/src/Entity.php(92): Razorpay\\Api\\Request->request()
#3 /var/www/html/cartvy/vendor/razorpay/razorpay/src/Entity.php(31): Razorpay\\Api\\Entity->request()
#4 /var/www/html/cartvy/vendor/razorpay/razorpay/src/Payment.php(14): Razorpay\\Api\\Entity->fetch()
#5 /var/www/html/cartvy/app/Http/Controllers/API/V1/RazorpayController.php(41): Razorpay\\Api\\Payment->fetch()
#6 /var/www/html/cartvy/vendor/illuminate/container/BoundMethod.php(36): App\\Http\\Controllers\\API\\V1\\RazorpayController->payment()
#7 /var/www/html/cartvy/vendor/illuminate/container/Util.php(40): Illuminate\\Container\\BoundMethod::Illuminate\\Container\\{closure}()
#8 /var/www/html/cartvy/vendor/illuminate/container/BoundMethod.php(93): Illuminate\\Container\\Util::unwrapIfClosure()
#9 /var/www/html/cartvy/vendor/illuminate/container/BoundMethod.php(37): Illuminate\\Container\\BoundMethod::callBoundMethod()
#10 /var/www/html/cartvy/vendor/illuminate/container/Container.php(653): Illuminate\\Container\\BoundMethod::call()
#11 /var/www/html/cartvy/vendor/laravel/lumen-framework/src/Concerns/RoutesRequests.php(389): Illuminate\\Container\\Container->call()
#12 /var/www/html/cartvy/vendor/laravel/lumen-framework/src/Concerns/RoutesRequests.php(355): Laravel\\Lumen\\Application->callControllerCallable()
#13 /var/www/html/cartvy/vendor/laravel/lumen-framework/src/Concerns/RoutesRequests.php(329): Laravel\\Lumen\\Application->callLumenController()
#14 /var/www/html/cartvy/vendor/laravel/lumen-framework/src/Concerns/RoutesRequests.php(282): Laravel\\Lumen\\Application->callControllerAction()
#15 /var/www/html/cartvy/vendor/laravel/lumen-framework/src/Concerns/RoutesRequests.php(262): Laravel\\Lumen\\Application->callActionOnArrayBasedRoute()
#16 /var/www/html/cartvy/vendor/laravel/lumen-framework/src/Routing/Pipeline.php(48): Laravel\\Lumen\\Application->Laravel\\Lumen\\Concerns\\{closure}()
#17 /var/www/html/cartvy/app/Http/Middleware/Authenticate.php(42): Laravel\\Lumen\\Routing\\Pipeline->Laravel\\Lumen\\Routing\\{closure}()
#18 /var/www/html/cartvy/vendor/illuminate/pipeline/Pipeline.php(167): App\\Http\\Middleware\\Authenticate->handle()
#19 /var/www/html/cartvy/vendor/laravel/lumen-framework/src/Routing/Pipeline.php(30): Illuminate\\Pipeline\\Pipeline->Illuminate\\Pipeline\\{closure}()
#20 /var/www/html/cartvy/vendor/illuminate/pipeline/Pipeline.php(103): Laravel\\Lumen\\Routing\\Pipeline->Laravel\\Lumen\\Routing\\{closure}()
#21 /var/www/html/cartvy/vendor/laravel/lumen-framework/src/Concerns/RoutesRequests.php(426): Illuminate\\Pipeline\\Pipeline->then()
#22 /var/www/html/cartvy/vendor/laravel/lumen-framework/src/Concerns/RoutesRequests.php(263): Laravel\\Lumen\\Application->sendThroughPipeline()
#23 /var/www/html/cartvy/vendor/laravel/lumen-framework/src/Concerns/RoutesRequests.php(169): Laravel\\Lumen\\Application->handleFoundRoute()
#24 /var/www/html/cartvy/vendor/laravel/lumen-framework/src/Routing/Pipeline.php(48): Laravel\\Lumen\\Application->Laravel\\Lumen\\Concerns\\{closure}()
#25 /var/www/html/cartvy/vendor/illuminate/session/Middleware/StartSession.php(121): Laravel\\Lumen\\Routing\\Pipeline->Laravel\\Lumen\\Routing\\{closure}()
#26 /var/www/html/cartvy/vendor/illuminate/session/Middleware/StartSession.php(64): Illuminate\\Session\\Middleware\\StartSession->handleStatefulRequest()
#27 /var/www/html/cartvy/vendor/illuminate/pipeline/Pipeline.php(167): Illuminate\\Session\\Middleware\\StartSession->handle()
#28 /var/www/html/cartvy/vendor/laravel/lumen-framework/src/Routing/Pipeline.php(30): Illuminate\\Pipeline\\Pipeline->Illuminate\\Pipeline\\{closure}()
#29 /var/www/html/cartvy/vendor/illuminate/pipeline/Pipeline.php(103): Laravel\\Lumen\\Routing\\Pipeline->Laravel\\Lumen\\Routing\\{closure}()
#30 /var/www/html/cartvy/vendor/laravel/lumen-framework/src/Concerns/RoutesRequests.php(426): Illuminate\\Pipeline\\Pipeline->then()
#31 /var/www/html/cartvy/vendor/laravel/lumen-framework/src/Concerns/RoutesRequests.php(175): Laravel\\Lumen\\Application->sendThroughPipeline()
#32 /var/www/html/cartvy/vendor/laravel/lumen-framework/src/Concerns/RoutesRequests.php(112): Laravel\\Lumen\\Application->dispatch()
#33 /var/www/html/cartvy/public/index.php(28): Laravel\\Lumen\\Application->run()
#34 {main}
"} 
[2022-01-09 08:11:15] local.ERROR: Class 'Twilio\Rest\Client' not found {"exception":"[object] (Error(code: 0): Class 'Twilio\\Rest\\Client' not found at /var/www/html/cartvy/app/Http/Controllers/API/V1/AuthController.php:34)
[stacktrace]
#0 /var/www/html/cartvy/app/Http/Controllers/API/V1/AuthController.php(87): App\\Http\\Controllers\\API\\V1\\AuthController->sentMessage()
#1 /var/www/html/cartvy/vendor/illuminate/container/BoundMethod.php(36): App\\Http\\Controllers\\API\\V1\\AuthController->userSignup()
#2 /var/www/html/cartvy/vendor/illuminate/container/Util.php(40): Illuminate\\Container\\BoundMethod::Illuminate\\Container\\{closure}()
#3 /var/www/html/cartvy/vendor/illuminate/container/BoundMethod.php(93): Illuminate\\Container\\Util::unwrapIfClosure()
#4 /var/www/html/cartvy/vendor/illuminate/container/BoundMethod.php(37): Illuminate\\Container\\BoundMethod::callBoundMethod()
#5 /var/www/html/cartvy/vendor/illuminate/container/Container.php(653): Illuminate\\Container\\BoundMethod::call()
#6 /var/www/html/cartvy/vendor/laravel/lumen-framework/src/Concerns/RoutesRequests.php(389): Illuminate\\Container\\Container->call()
#7 /var/www/html/cartvy/vendor/laravel/lumen-framework/src/Concerns/RoutesRequests.php(355): Laravel\\Lumen\\Application->callControllerCallable()
#8 /var/www/html/cartvy/vendor/laravel/lumen-framework/src/Concerns/RoutesRequests.php(329): Laravel\\Lumen\\Application->callLumenController()
#9 /var/www/html/cartvy/vendor/laravel/lumen-framework/src/Concerns/RoutesRequests.php(282): Laravel\\Lumen\\Application->callControllerAction()
#10 /var/www/html/cartvy/vendor/laravel/lumen-framework/src/Concerns/RoutesRequests.php(267): Laravel\\Lumen\\Application->callActionOnArrayBasedRoute()
#11 /var/www/html/cartvy/vendor/laravel/lumen-framework/src/Concerns/RoutesRequests.php(169): Laravel\\Lumen\\Application->handleFoundRoute()
#12 /var/www/html/cartvy/vendor/laravel/lumen-framework/src/Routing/Pipeline.php(48): Laravel\\Lumen\\Application->Laravel\\Lumen\\Concerns\\{closure}()
#13 /var/www/html/cartvy/vendor/illuminate/session/Middleware/StartSession.php(121): Laravel\\Lumen\\Routing\\Pipeline->Laravel\\Lumen\\Routing\\{closure}()
#14 /var/www/html/cartvy/vendor/illuminate/session/Middleware/StartSession.php(64): Illuminate\\Session\\Middleware\\StartSession->handleStatefulRequest()
#15 /var/www/html/cartvy/vendor/illuminate/pipeline/Pipeline.php(167): Illuminate\\Session\\Middleware\\StartSession->handle()
#16 /var/www/html/cartvy/vendor/laravel/lumen-framework/src/Routing/Pipeline.php(30): Illuminate\\Pipeline\\Pipeline->Illuminate\\Pipeline\\{closure}()
#17 /var/www/html/cartvy/vendor/illuminate/pipeline/Pipeline.php(103): Laravel\\Lumen\\Routing\\Pipeline->Laravel\\Lumen\\Routing\\{closure}()
#18 /var/www/html/cartvy/vendor/laravel/lumen-framework/src/Concerns/RoutesRequests.php(426): Illuminate\\Pipeline\\Pipeline->then()
#19 /var/www/html/cartvy/vendor/laravel/lumen-framework/src/Concerns/RoutesRequests.php(175): Laravel\\Lumen\\Application->sendThroughPipeline()
#20 /var/www/html/cartvy/vendor/laravel/lumen-framework/src/Concerns/RoutesRequests.php(112): Laravel\\Lumen\\Application->dispatch()
#21 /var/www/html/cartvy/public/index.php(28): Laravel\\Lumen\\Application->run()
#22 {main}
"} 
